<?xml version="1.0" encoding="UTF-8"?>
<!-- Generated by org.testng.reporters.JUnitReportReporter -->
<testsuite hostname="SVUSLP01312" failures="1" tests="3" name="cucumberOptions.TestNGTestRunner" time="108.341" errors="0" timestamp="2022-05-25T19:07:50 CDT" skipped="0">
  <testcase classname="cucumberOptions.TestNGTestRunner" name="runScenario" time="36.854">
    <failure message="expected [Beetroot] but found [No data]" type="java.lang.AssertionError">
      <![CDATA[java.lang.AssertionError: expected [Beetroot] but found [No data]
at org.testng.Assert.fail(Assert.java:110)
at org.testng.Assert.failNotEquals(Assert.java:1413)
at org.testng.Assert.assertEqualsImpl(Assert.java:149)
at org.testng.Assert.assertEquals(Assert.java:131)
at org.testng.Assert.assertEquals(Assert.java:655)
at org.testng.Assert.assertEquals(Assert.java:665)
at stepDefinitions.OfferPageStepDefintions.validate_product_name_in_offers_page_matches_with_landing_page(OfferPageStepDefintions.java:31)
at ✽.validate product name in offers page matches with Landing page(file:///C:/Users/adam.dyson/OneDrive%20-%20Magenic/Documents/Projects/Udemy%20Course%20Work/Cucumber-Java-TestNG/CucumberFramework/src/test/java/features/searchProduct.feature:9)
]]>
    </failure>
  </testcase> <!-- runScenario -->
  <system-out/>
  <testcase classname="cucumberOptions.TestNGTestRunner" name="runScenario" time="35.138"/>
  <system-out/>
  <testcase classname="cucumberOptions.TestNGTestRunner" name="runScenario" time="36.349"/>
  <system-out/>
</testsuite> <!-- cucumberOptions.TestNGTestRunner -->
